[0.012s] Invoking command in '/home/cvl/ROS2_mobile_robot/build/robot_description': CMAKE_PREFIX_PATH=/opt/ros/humble /usr/bin/cmake /home/cvl/ROS2_mobile_robot/src/robot_description -DCMAKE_INSTALL_PREFIX=/home/cvl/ROS2_mobile_robot/install/robot_description
[0.155s] -- The C compiler identification is GNU 11.4.0
[0.256s] -- The CXX compiler identification is GNU 11.4.0
[0.264s] -- Detecting C compiler ABI info
[0.332s] -- Detecting C compiler ABI info - done
[0.339s] -- Check for working C compiler: /usr/bin/cc - skipped
[0.339s] -- Detecting C compile features
[0.340s] -- Detecting C compile features - done
[0.343s] -- Detecting CXX compiler ABI info
[0.428s] -- Detecting CXX compiler ABI info - done
[0.435s] -- Check for working CXX compiler: /usr/bin/c++ - skipped
[0.435s] -- Detecting CXX compile features
[0.435s] -- Detecting CXX compile features - done
[0.440s] -- Found ament_cmake: 1.3.11 (/opt/ros/humble/share/ament_cmake/cmake)
[0.571s] -- Found Python3: /usr/bin/python3 (found version "3.10.12") found components: Interpreter 
[0.662s] -- Found ament_lint_auto: 0.12.11 (/opt/ros/humble/share/ament_lint_auto/cmake)
[0.729s] -- Added test 'lint_cmake' to check CMake code style
[0.731s] -- Added test 'xmllint' to check XML markup files
[0.732s] -- Configuring done
[0.734s] -- Generating done
[0.736s] -- Build files have been written to: /home/cvl/ROS2_mobile_robot/build/robot_description
[0.739s] Invoked command in '/home/cvl/ROS2_mobile_robot/build/robot_description' returned '0': CMAKE_PREFIX_PATH=/opt/ros/humble /usr/bin/cmake /home/cvl/ROS2_mobile_robot/src/robot_description -DCMAKE_INSTALL_PREFIX=/home/cvl/ROS2_mobile_robot/install/robot_description
[0.741s] Invoking command in '/home/cvl/ROS2_mobile_robot/build/robot_description': CMAKE_PREFIX_PATH=/opt/ros/humble /usr/bin/cmake --build /home/cvl/ROS2_mobile_robot/build/robot_description -- -j16 -l16
[0.770s] Invoked command in '/home/cvl/ROS2_mobile_robot/build/robot_description' returned '0': CMAKE_PREFIX_PATH=/opt/ros/humble /usr/bin/cmake --build /home/cvl/ROS2_mobile_robot/build/robot_description -- -j16 -l16
[0.778s] Invoking command in '/home/cvl/ROS2_mobile_robot/build/robot_description': CMAKE_PREFIX_PATH=/opt/ros/humble /usr/bin/cmake --install /home/cvl/ROS2_mobile_robot/build/robot_description
[0.785s] -- Install configuration: ""
[0.785s] -- Installing: /home/cvl/ROS2_mobile_robot/install/robot_description/share/ament_index/resource_index/package_run_dependencies/robot_description
[0.785s] -- Installing: /home/cvl/ROS2_mobile_robot/install/robot_description/share/ament_index/resource_index/parent_prefix_path/robot_description
[0.785s] -- Installing: /home/cvl/ROS2_mobile_robot/install/robot_description/share/robot_description/environment/ament_prefix_path.sh
[0.785s] -- Installing: /home/cvl/ROS2_mobile_robot/install/robot_description/share/robot_description/environment/ament_prefix_path.dsv
[0.786s] -- Installing: /home/cvl/ROS2_mobile_robot/install/robot_description/share/robot_description/environment/path.sh
[0.786s] -- Installing: /home/cvl/ROS2_mobile_robot/install/robot_description/share/robot_description/environment/path.dsv
[0.786s] -- Installing: /home/cvl/ROS2_mobile_robot/install/robot_description/share/robot_description/local_setup.bash
[0.786s] -- Installing: /home/cvl/ROS2_mobile_robot/install/robot_description/share/robot_description/local_setup.sh
[0.786s] -- Installing: /home/cvl/ROS2_mobile_robot/install/robot_description/share/robot_description/local_setup.zsh
[0.786s] -- Installing: /home/cvl/ROS2_mobile_robot/install/robot_description/share/robot_description/local_setup.dsv
[0.786s] -- Installing: /home/cvl/ROS2_mobile_robot/install/robot_description/share/robot_description/package.dsv
[0.786s] -- Installing: /home/cvl/ROS2_mobile_robot/install/robot_description/share/ament_index/resource_index/packages/robot_description
[0.786s] -- Installing: /home/cvl/ROS2_mobile_robot/install/robot_description/share/robot_description/cmake/robot_descriptionConfig.cmake
[0.786s] -- Installing: /home/cvl/ROS2_mobile_robot/install/robot_description/share/robot_description/cmake/robot_descriptionConfig-version.cmake
[0.786s] -- Installing: /home/cvl/ROS2_mobile_robot/install/robot_description/share/robot_description/package.xml
[0.788s] Invoked command in '/home/cvl/ROS2_mobile_robot/build/robot_description' returned '0': CMAKE_PREFIX_PATH=/opt/ros/humble /usr/bin/cmake --install /home/cvl/ROS2_mobile_robot/build/robot_description
